<?xml version="1.0" encoding="UTF-8"?>
<!-- Generated by org.testng.reporters.JUnitReportReporter -->
<testsuite hostname="DESKTOP-U4N34CQ" failures="0" tests="4" name="com.SportyShoes.Tests.LoginPageTest" time="3.020" errors="0" timestamp="2023-11-15T12:23:32 IST" skipped="0">
  <testcase classname="com.SportyShoes.Tests.LoginPageTest" name="test_login" time="2.747"/>
  <system-out/>
  <testcase classname="com.SportyShoes.Tests.LoginPageTest" name="test_getTitle_page" time="0.030"/>
  <system-out/>
  <testcase classname="com.SportyShoes.Tests.LoginPageTest" name="Test_validate_registration_Text" time="0.062"/>
  <system-out/>
  <testcase classname="com.SportyShoes.Tests.LoginPageTest" name="test_click_cart" time="0.181"/>
  <system-out/>
</testsuite> <!-- com.SportyShoes.Tests.LoginPageTest -->
