<?xml version="1.0" encoding="UTF-8"?>
<!-- Generated by org.testng.reporters.JUnitReportReporter -->
<testsuite hostname="DESKTOP-U4N34CQ" failures="0" tests="3" name="com.SportyShoes.Tests.AddtoCartPageTest" time="2.043" errors="0" timestamp="2023-11-15T12:24:10 IST" skipped="0">
  <testcase classname="com.SportyShoes.Tests.AddtoCartPageTest" name="test_login" time="0.580"/>
  <system-out/>
  <testcase classname="com.SportyShoes.Tests.AddtoCartPageTest" name="test_add_product_to_cart" time="1.391"/>
  <system-out/>
  <testcase classname="com.SportyShoes.Tests.AddtoCartPageTest" name="test_validate_success_message" time="0.072"/>
  <system-out/>
</testsuite> <!-- com.SportyShoes.Tests.AddtoCartPageTest -->
