<?xml version="1.0" encoding="UTF-8"?>
<!-- Generated by org.testng.reporters.JUnitReportReporter -->
<testsuite hostname="DESKTOP-U4N34CQ" failures="0" tests="3" name="com.sportyshoe.RestAssureScript.PostandPutnewShoe" time="1.721" errors="0" timestamp="2023-11-15T11:26:23 IST" skipped="0">
  <testcase classname="com.sportyshoe.RestAssureScript.PostandPutnewShoe" name="add_new_product" time="1.652"/>
  <system-out/>
  <testcase classname="com.sportyshoe.RestAssureScript.PostandPutnewShoe" name="update_a_product" time="0.044"/>
  <system-out/>
  <testcase classname="com.sportyshoe.RestAssureScript.PostandPutnewShoe" name="delete_product" time="0.025"/>
  <system-out/>
</testsuite> <!-- com.sportyshoe.RestAssureScript.PostandPutnewShoe -->
