<?xml version="1.0" encoding="UTF-8"?>
<!-- Generated by org.testng.reporters.JUnitReportReporter -->
<testsuite hostname="DESKTOP-U4N34CQ" failures="0" tests="2" name="com.sportyshoe.RestAssureScript.GetAllShoes" time="1.927" errors="0" timestamp="2023-11-15T11:25:28 IST" skipped="0">
  <testcase classname="com.sportyshoe.RestAssureScript.GetAllShoes" name="get_all_shoes" time="1.901"/>
  <system-out/>
  <testcase classname="com.sportyshoe.RestAssureScript.GetAllShoes" name="get_all_users" time="0.026"/>
  <system-out/>
</testsuite> <!-- com.sportyshoe.RestAssureScript.GetAllShoes -->
