<?xml version="1.0" encoding="UTF-8"?>
<!-- Generated by org.testng.reporters.JUnitReportReporter -->
<testsuite hostname="DESKTOP-U4N34CQ" failures="0" tests="3" name="com.SportyShoes.Tests.OrderpageTest" time="1.771" errors="0" timestamp="2023-11-15T12:25:14 IST" skipped="0">
  <testcase classname="com.SportyShoes.Tests.OrderpageTest" name="test_login" time="1.544"/>
  <system-out/>
  <testcase classname="com.SportyShoes.Tests.OrderpageTest" name="test_click_orders" time="0.199"/>
  <system-out/>
  <testcase classname="com.SportyShoes.Tests.OrderpageTest" name="test_getTitle_page" time="0.028"/>
  <system-out/>
</testsuite> <!-- com.SportyShoes.Tests.OrderpageTest -->
