<?xml version="1.0" encoding="UTF-8"?>
<!-- Generated by org.testng.reporters.JUnitReportReporter -->
<testsuite hostname="DESKTOP-U4N34CQ" failures="0" tests="5" name="com.SportyShoes.Tests.RegisterPageTest" time="3.919" errors="0" timestamp="2023-11-15T12:22:35 IST" skipped="0">
  <testcase classname="com.SportyShoes.Tests.RegisterPageTest" name="test_click_register_link" time="1.767"/>
  <system-out/>
  <testcase classname="com.SportyShoes.Tests.RegisterPageTest" name="test_getTitle_page" time="0.023"/>
  <system-out/>
  <testcase classname="com.SportyShoes.Tests.RegisterPageTest" name="Test_register_user" time="2.053"/>
  <system-out/>
  <testcase classname="com.SportyShoes.Tests.RegisterPageTest" name="Test_validate_registration_URL" time="0.014"/>
  <system-out/>
  <testcase classname="com.SportyShoes.Tests.RegisterPageTest" name="Test_validate_registration_Text" time="0.062"/>
  <system-out/>
</testsuite> <!-- com.SportyShoes.Tests.RegisterPageTest -->
