<?xml version="1.0" encoding="UTF-8"?>
<!-- Generated by org.testng.reporters.JUnitReportReporter -->
<testsuite hostname="DESKTOP-U4N34CQ" failures="0" tests="3" name="com.SportyShoes.Tests.HomePageTest" time="1.929" errors="0" timestamp="2023-11-15T12:20:14 IST" skipped="0">
  <testcase classname="com.SportyShoes.Tests.HomePageTest" name="test_getTitle_page" time="0.030"/>
  <system-out/>
  <testcase classname="com.SportyShoes.Tests.HomePageTest" name="Test_Validate_Text_On_Page" time="0.074"/>
  <system-out/>
  <testcase classname="com.SportyShoes.Tests.HomePageTest" name="test_click_register_link" time="1.825"/>
  <system-out/>
</testsuite> <!-- com.SportyShoes.Tests.HomePageTest -->
